{"name":"Log","hostname":"MAC-10001633","pid":57029,"level":30,"msg":"Creating table: posts ","time":"2018-04-26T15:59:11.079Z","v":0}
{"name":"Log","hostname":"MAC-10001633","pid":57029,"level":30,"msg":"Creating table: users ","time":"2018-04-26T15:59:11.089Z","v":0}
{"name":"Log","hostname":"MAC-10001633","pid":57029,"level":30,"msg":"Creating table: posts_authors ","time":"2018-04-26T15:59:11.098Z","v":0}
{"name":"Log","hostname":"MAC-10001633","pid":57029,"level":30,"msg":"Creating table: roles ","time":"2018-04-26T15:59:11.101Z","v":0}
{"name":"Log","hostname":"MAC-10001633","pid":57029,"level":30,"msg":"Creating table: roles_users ","time":"2018-04-26T15:59:11.105Z","v":0}
{"name":"Log","hostname":"MAC-10001633","pid":57029,"level":30,"msg":"Creating table: permissions ","time":"2018-04-26T15:59:11.109Z","v":0}
{"name":"Log","hostname":"MAC-10001633","pid":57029,"level":30,"msg":"Creating table: permissions_users ","time":"2018-04-26T15:59:11.114Z","v":0}
{"name":"Log","hostname":"MAC-10001633","pid":57029,"level":30,"msg":"Creating table: permissions_roles ","time":"2018-04-26T15:59:11.116Z","v":0}
{"name":"Log","hostname":"MAC-10001633","pid":57029,"level":30,"msg":"Creating table: permissions_apps ","time":"2018-04-26T15:59:11.120Z","v":0}
{"name":"Log","hostname":"MAC-10001633","pid":57029,"level":30,"msg":"Creating table: settings ","time":"2018-04-26T15:59:11.124Z","v":0}
{"name":"Log","hostname":"MAC-10001633","pid":57029,"level":30,"msg":"Creating table: tags ","time":"2018-04-26T15:59:11.128Z","v":0}
{"name":"Log","hostname":"MAC-10001633","pid":57029,"level":30,"msg":"Creating table: posts_tags ","time":"2018-04-26T15:59:11.133Z","v":0}
{"name":"Log","hostname":"MAC-10001633","pid":57029,"level":30,"msg":"Creating table: apps ","time":"2018-04-26T15:59:11.136Z","v":0}
{"name":"Log","hostname":"MAC-10001633","pid":57029,"level":30,"msg":"Creating table: app_settings ","time":"2018-04-26T15:59:11.148Z","v":0}
{"name":"Log","hostname":"MAC-10001633","pid":57029,"level":30,"msg":"Creating table: app_fields ","time":"2018-04-26T15:59:11.152Z","v":0}
{"name":"Log","hostname":"MAC-10001633","pid":57029,"level":30,"msg":"Creating table: clients ","time":"2018-04-26T15:59:11.155Z","v":0}
{"name":"Log","hostname":"MAC-10001633","pid":57029,"level":30,"msg":"Creating table: client_trusted_domains ","time":"2018-04-26T15:59:11.161Z","v":0}
{"name":"Log","hostname":"MAC-10001633","pid":57029,"level":30,"msg":"Creating table: accesstokens ","time":"2018-04-26T15:59:11.166Z","v":0}
{"name":"Log","hostname":"MAC-10001633","pid":57029,"level":30,"msg":"Creating table: refreshtokens ","time":"2018-04-26T15:59:11.183Z","v":0}
{"name":"Log","hostname":"MAC-10001633","pid":57029,"level":30,"msg":"Creating table: subscribers ","time":"2018-04-26T15:59:11.190Z","v":0}
{"name":"Log","hostname":"MAC-10001633","pid":57029,"level":30,"msg":"Creating table: invites ","time":"2018-04-26T15:59:11.195Z","v":0}
{"name":"Log","hostname":"MAC-10001633","pid":57029,"level":30,"msg":"Creating table: brute ","time":"2018-04-26T15:59:11.200Z","v":0}
{"name":"Log","hostname":"MAC-10001633","pid":57029,"level":30,"msg":"Creating table: webhooks ","time":"2018-04-26T15:59:11.203Z","v":0}
{"name":"Log","hostname":"MAC-10001633","pid":57029,"level":30,"msg":"Model: Tag ","time":"2018-04-26T15:59:11.211Z","v":0}
{"name":"Log","hostname":"MAC-10001633","pid":57029,"level":30,"msg":"Model: Client ","time":"2018-04-26T15:59:11.245Z","v":0}
{"name":"Log","hostname":"MAC-10001633","pid":57029,"level":30,"msg":"Model: Role ","time":"2018-04-26T15:59:11.279Z","v":0}
{"name":"Log","hostname":"MAC-10001633","pid":57029,"level":30,"msg":"Model: Permission ","time":"2018-04-26T15:59:11.318Z","v":0}
{"name":"Log","hostname":"MAC-10001633","pid":57029,"level":30,"msg":"Model: User ","time":"2018-04-26T15:59:11.614Z","v":0}
{"name":"Log","hostname":"MAC-10001633","pid":57029,"level":30,"msg":"Model: Post ","time":"2018-04-26T15:59:12.166Z","v":0}
{"name":"Log","hostname":"MAC-10001633","pid":57029,"level":30,"msg":"Relation: Role to Permission ","time":"2018-04-26T15:59:12.563Z","v":0}
{"name":"Log","hostname":"MAC-10001633","pid":57029,"level":30,"msg":"Relation: Post to Tag ","time":"2018-04-26T15:59:12.938Z","v":0}
{"name":"Log","hostname":"MAC-10001633","pid":57029,"level":30,"msg":"Relation: User to Role ","time":"2018-04-26T15:59:12.992Z","v":0}
{"name":"Log","hostname":"MAC-10001633","pid":57035,"level":40,"msg":"Theme's file locales/en.json not found. ","time":"2018-04-26T15:59:16.242Z","v":0}
{"name":"Log","hostname":"MAC-10001633","pid":57035,"level":30,"msg":"Ghost is running in development... ","time":"2018-04-26T15:59:16.517Z","v":0}
{"name":"Log","hostname":"MAC-10001633","pid":57035,"level":30,"msg":"Listening on: 127.0.0.1:2368 ","time":"2018-04-26T15:59:16.518Z","v":0}
{"name":"Log","hostname":"MAC-10001633","pid":57035,"level":30,"msg":"Url configured as: http://localhost:2368/ ","time":"2018-04-26T15:59:16.519Z","v":0}
{"name":"Log","hostname":"MAC-10001633","pid":57035,"level":30,"msg":"Ctrl+C to shut down ","time":"2018-04-26T15:59:16.520Z","v":0}
{"name":"Log","hostname":"MAC-10001633","pid":57035,"level":30,"msg":"Ghost boot 2.361s ","time":"2018-04-26T15:59:16.522Z","v":0}
